#
# There is insufficient memory for the Java Runtime Environment to continue.
# Native memory allocation (mmap) failed to map 266338304 bytes for Failed to commit area from 0x0000000702400000 to 0x0000000712200000 of length 266338304.
# Possible reasons:
#   The system is out of physical RAM or swap space
#   The process is running with CompressedOops enabled, and the Java Heap may be blocking the growth of the native heap
# Possible solutions:
#   Reduce memory load on the system
#   Increase physical memory or swap space
#   Check if swap backing store is full
#   Decrease Java heap size (-Xmx/-Xms)
#   Decrease number of Java threads
#   Decrease Java thread stack sizes (-Xss)
#   Set larger code cache with -XX:ReservedCodeCacheSize=
#   JVM is running with Zero Based Compressed Oops mode in which the Java heap is
#     placed in the first 32GB address space. The Java Heap base address is the
#     maximum limit for the native heap growth. Please use -XX:HeapBaseMinAddress
#     to set the Java Heap base and to place the Java Heap above 32GB virtual address.
# This output file may be truncated or incomplete.
#
#  Out of Memory Error (./open/src/hotspot/os/windows/os_windows.cpp:3315), pid=10948, tid=19108
#
# JRE version:  (14.0.1+7) (build )
# Java VM: Java HotSpot(TM) 64-Bit Server VM (14.0.1+7, mixed mode, sharing, tiered, compressed oops, g1 gc, windows-amd64)
# No core dump will be written. Minidumps are not enabled by default on client versions of Windows
#

---------------  S U M M A R Y ------------

Command Line: -Dfile.encoding=UTF-8 --module-path=C:\Users\Purvik\Documents\NetBeansProjects\Interactive_Quiz\build\classes RegisterForm

Host: Intel(R) Core(TM) i7-8750H CPU @ 2.20GHz, 12 cores, 15G,  Windows 10 , 64 bit Build 18362 (10.0.18362.900)
Time: Sat Jun 20 13:25:58 2020 Eastern Daylight Time elapsed time: 0 seconds (0d 0h 0m 0s)

---------------  T H R E A D  ---------------

Current thread (0x000001bc5a78f800):  JavaThread "Unknown thread" [_thread_in_vm, id=19108, stack(0x0000005eb5500000,0x0000005eb5600000)]

Stack: [0x0000005eb5500000,0x0000005eb5600000]
Native frames: (J=compiled Java code, j=interpreted, Vv=VM code, C=native code)
V  [jvm.dll+0x5f840a]
V  [jvm.dll+0x741e4a]
V  [jvm.dll+0x7435ff]
V  [jvm.dll+0x743c43]
V  [jvm.dll+0x20d288]
V  [jvm.dll+0x5f57ba]
V  [jvm.dll+0x5ea615]
V  [jvm.dll+0x2c7e9c]
V  [jvm.dll+0x2c7cd2]
V  [jvm.dll+0x2cdbbc]
V  [jvm.dll+0x313ff8]
V  [jvm.dll+0x313720]
V  [jvm.dll+0x2a092a]
V  [jvm.dll+0x2a1a79]
V  [jvm.dll+0x71f718]
V  [jvm.dll+0x321c44]
V  [jvm.dll+0x700b0c]
V  [jvm.dll+0x392dff]
V  [jvm.dll+0x394e71]
C  [jli.dll+0x523b]
C  [ucrtbase.dll+0x20e82]
C  [KERNEL32.DLL+0x17bd4]
C  [ntdll.dll+0x6ce51]


---------------  P R O C E S S  ---------------

Threads class SMR info:
_java_thread_list=0x00007ffb0cf33078, length=0, elements={
}

Java Threads: ( => current thread )

Other Threads:
  0x000001bc5a7f7000 GCTaskThread "GC Thread#0" [stack: 0x0000005eb5600000,0x0000005eb5700000] [id=23192]
  0x000001bc5a819800 ConcurrentGCThread "G1 Main Marker" [stack: 0x0000005eb5700000,0x0000005eb5800000] [id=20824]
  0x000001bc5a81c800 ConcurrentGCThread "G1 Conc#0" [stack: 0x0000005eb5800000,0x0000005eb5900000] [id=6924]

[error occurred during error reporting (printing all threads), id 0xc0000005, EXCEPTION_ACCESS_VIOLATION (0xc0000005) at pc=0x00007ffb0c761257]

VM state:not at safepoint (not fully initialized)

VM Mutex/Monitor currently owned by a thread:  ([mutex/lock_event])
[0x000001bc5a78cdb0] Heap_lock - owner thread: 0x000001bc5a78f800

Heap address: 0x0000000702400000, size: 4060 MB, Compressed Oops mode: Zero based, Oop shift amount: 3
Narrow klass base: 0x0000000000000000, Narrow klass shift: 0

GC Heap History (0 events):
No events

Deoptimization events (0 events):
No events

Classes unloaded (0 events):
No events

Classes redefined (0 events):
No events

Internal exceptions (0 events):
No events

Events (2 events):
Event: 0.004 Loaded shared library C:\Program Files\Java\jdk-14.0.1\bin\java.dll
Event: 0.005 Loaded shared library C:\Program Files\Java\jdk-14.0.1\bin\zip.dll


Dynamic libraries:
0x00007ff756f80000 - 0x00007ff756f8f000 	C:\Program Files\Java\jdk-14.0.1\bin\java.exe
0x00007ffb72fc0000 - 0x00007ffb731b0000 	C:\WINDOWS\SYSTEM32\ntdll.dll
0x00007ffb72ec0000 - 0x00007ffb72f72000 	C:\WINDOWS\System32\KERNEL32.DLL
0x00007ffb70640000 - 0x00007ffb708e4000 	C:\WINDOWS\System32\KERNELBASE.dll
0x00007ffb70490000 - 0x00007ffb7058a000 	C:\WINDOWS\System32\ucrtbase.dll
0x00007ffb65730000 - 0x00007ffb65745000 	C:\Program Files\Java\jdk-14.0.1\bin\VCRUNTIME140.dll
0x00007ffb68e00000 - 0x00007ffb68e18000 	C:\Program Files\Java\jdk-14.0.1\bin\jli.dll
0x00007ffb72770000 - 0x00007ffb72813000 	C:\WINDOWS\System32\ADVAPI32.dll
0x00007ffb71990000 - 0x00007ffb71a2e000 	C:\WINDOWS\System32\msvcrt.dll
0x00007ffb72e20000 - 0x00007ffb72eb7000 	C:\WINDOWS\System32\sechost.dll
0x00007ffb72d00000 - 0x00007ffb72e20000 	C:\WINDOWS\System32\RPCRT4.dll
0x00007ffb723f0000 - 0x00007ffb72584000 	C:\WINDOWS\System32\USER32.dll
0x00007ffb70460000 - 0x00007ffb70481000 	C:\WINDOWS\System32\win32u.dll
0x00007ffb72680000 - 0x00007ffb726a6000 	C:\WINDOWS\System32\GDI32.dll
0x00007ffb54f80000 - 0x00007ffb55204000 	C:\WINDOWS\WinSxS\amd64_microsoft.windows.common-controls_6595b64144ccf1df_6.0.18362.900_none_e6beb9d913147d17\COMCTL32.dll
0x00007ffb70220000 - 0x00007ffb703b5000 	C:\WINDOWS\System32\gdi32full.dll
0x00007ffb71af0000 - 0x00007ffb71e25000 	C:\WINDOWS\System32\combase.dll
0x00007ffb703c0000 - 0x00007ffb7045e000 	C:\WINDOWS\System32\msvcp_win.dll
0x00007ffb6ffb0000 - 0x00007ffb70030000 	C:\WINDOWS\System32\bcryptPrimitives.dll
0x00007ffb69380000 - 0x00007ffb6938a000 	C:\WINDOWS\SYSTEM32\VERSION.dll
0x00007ffb71ac0000 - 0x00007ffb71aee000 	C:\WINDOWS\System32\IMM32.DLL
0x00007ffb1df00000 - 0x00007ffb1df9b000 	C:\Program Files\Java\jdk-14.0.1\bin\msvcp140.dll
0x00007ffb0c4b0000 - 0x00007ffb0cfce000 	C:\Program Files\Java\jdk-14.0.1\bin\server\jvm.dll
0x00007ffb71a30000 - 0x00007ffb71a38000 	C:\WINDOWS\System32\PSAPI.DLL
0x00007ffb5a2e0000 - 0x00007ffb5a2e9000 	C:\WINDOWS\SYSTEM32\WSOCK32.dll
0x00007ffb66280000 - 0x00007ffb662a4000 	C:\WINDOWS\SYSTEM32\WINMM.dll
0x00007ffb722d0000 - 0x00007ffb7233f000 	C:\WINDOWS\System32\WS2_32.dll
0x00007ffb66030000 - 0x00007ffb6605d000 	C:\WINDOWS\SYSTEM32\WINMMBASE.dll
0x00007ffb70180000 - 0x00007ffb701ca000 	C:\WINDOWS\System32\cfgmgr32.dll
0x00007ffb6fe90000 - 0x00007ffb6fea1000 	C:\WINDOWS\System32\kernel.appcore.dll
0x00007ffb69620000 - 0x00007ffb6962a000 	C:\Program Files\Java\jdk-14.0.1\bin\jimage.dll
0x00007ffb6e7c0000 - 0x00007ffb6e9b4000 	C:\WINDOWS\SYSTEM32\DBGHELP.DLL
0x00007ffb684b0000 - 0x00007ffb684da000 	C:\WINDOWS\SYSTEM32\dbgcore.DLL
0x00007ffb62f10000 - 0x00007ffb62f35000 	C:\Program Files\Java\jdk-14.0.1\bin\java.dll
0x00007ffb65490000 - 0x00007ffb654a6000 	C:\Program Files\Java\jdk-14.0.1\bin\zip.dll

dbghelp: loaded successfully - version: 4.0.5 - missing functions: none
symbol engine: initialized successfully - sym options: 0x614 - pdb path: .;C:\Program Files\Java\jdk-14.0.1\bin;C:\WINDOWS\SYSTEM32;C:\WINDOWS\WinSxS\amd64_microsoft.windows.common-controls_6595b64144ccf1df_6.0.18362.900_none_e6beb9d913147d17;C:\Program Files\Java\jdk-14.0.1\bin\server

VM Arguments:
jvm_args: -Dfile.encoding=UTF-8 --module-path=C:\Users\Purvik\Documents\NetBeansProjects\Interactive_Quiz\build\classes 
java_command: RegisterForm
java_class_path (initial): C:\Users\Purvik\Downloads\mysql-connector-java-5.1.49\mysql-connector-java-5.1.49\mysql-connector-java-5.1.49.jar;C:\Users\Purvik\Documents\NetBeansProjects\Interactive_Quiz\build\classes
Launcher Type: SUN_STANDARD

[Global flags]
     intx CICompilerCount                          = 4                                         {product} {ergonomic}
     uint ConcGCThreads                            = 3                                         {product} {ergonomic}
     uint G1ConcRefinementThreads                  = 10                                        {product} {ergonomic}
   size_t G1HeapRegionSize                         = 1048576                                   {product} {ergonomic}
    uintx GCDrainStackTargetSize                   = 64                                        {product} {ergonomic}
   size_t InitialHeapSize                          = 266338304                                 {product} {ergonomic}
   size_t MarkStackSize                            = 4194304                                   {product} {ergonomic}
   size_t MaxHeapSize                              = 4257218560                                {product} {ergonomic}
   size_t MinHeapDeltaBytes                        = 1048576                                   {product} {ergonomic}
   size_t MinHeapSize                              = 8388608                                   {product} {ergonomic}
    uintx NonNMethodCodeHeapSize                   = 5839372                                {pd product} {ergonomic}
    uintx NonProfiledCodeHeapSize                  = 122909434                              {pd product} {ergonomic}
    uintx ProfiledCodeHeapSize                     = 122909434                              {pd product} {ergonomic}
    uintx ReservedCodeCacheSize                    = 251658240                              {pd product} {ergonomic}
     bool SegmentedCodeCache                       = true                                      {product} {ergonomic}
   size_t SoftMaxHeapSize                          = 4257218560                             {manageable} {ergonomic}
     bool UseCompressedClassPointers               = true                                 {lp64_product} {ergonomic}
     bool UseCompressedOops                        = true                                 {lp64_product} {ergonomic}
     bool UseG1GC                                  = true                                      {product} {ergonomic}
     bool UseLargePagesIndividualAllocation        = false                                  {pd product} {ergonomic}

Logging:
Log output configuration:
 #0: stdout all=warning uptime,level,tags
 #1: stderr all=off uptime,level,tags

Environment Variables:
PATH=C:\Program Files (x86)\Intel\Intel(R) Management Engine Components\iCLS\;C:\Program Files\Intel\Intel(R) Management Engine Components\iCLS\;C:\Windows\system32;C:\Windows;C:\Windows\System32\Wbem;C:\Windows\System32\WindowsPowerShell\v1.0\;C:\Program Files (x86)\Intel\Intel(R) Management Engine Components\DAL;C:\Program Files\Intel\Intel(R) Management Engine Components\DAL;C:\Program Files (x86)\Intel\Intel(R) Management Engine Components\IPT;C:\Program Files\Intel\Intel(R) Management Engine Components\IPT;C:\Program Files (x86)\NVIDIA Corporation\PhysX\Common;C:\WINDOWS\system32;C:\WINDOWS;C:\WINDOWS\System32\Wbem;C:\WINDOWS\System32\WindowsPowerShell\v1.0\;C:\WINDOWS\System32\OpenSSH\;C:\Program Files\Intel\WiFi\bin\;C:\Program Files\Common Files\Intel\WirelessCommon\;C:\Program Files\NVIDIA Corporation\NVIDIA NvDLISR;C:\Program Files (x86)\GtkSharp\2.12\bin;C:\Users\Purvik\AppData\Local\Microsoft\WindowsApps;;C:\Users\Purvik\AppData\Local\Programs\Microsoft VS Code\bin
USERNAME=Purvik
OS=Windows_NT
PROCESSOR_IDENTIFIER=Intel64 Family 6 Model 158 Stepping 10, GenuineIntel



---------------  S Y S T E M  ---------------

OS: Windows 10 , 64 bit Build 18362 (10.0.18362.900)
OS uptime: 5 days 22:36 hours

CPU:total 12 (initial active 12) (6 cores per cpu, 2 threads per core) family 6 model 158 stepping 10, cmov, cx8, fxsr, mmx, sse, sse2, sse3, ssse3, sse4.1, sse4.2, popcnt, avx, avx2, aes, clmul, erms, 3dnowpref, lzcnt, ht, tsc, tscinvbit, bmi1, bmi2, adx, fma

Memory: 4k page, system-wide physical 16232M (9409M free)
TotalPageFile size 65384M (AvailPageFile size 138M)
current process WorkingSet (physical memory assigned to process): 10M, peak: 10M
current process commit charge ("private bytes"): 65M, peak: 319M

vm_info: Java HotSpot(TM) 64-Bit Server VM (14.0.1+7) for windows-amd64 JRE (14.0.1+7), built on Mar  5 2020 10:30:14 by "mach5one" with MS VC++ 15.9 (VS2017)

END.
