#
# There is insufficient memory for the Java Runtime Environment to continue.
# Native memory allocation (malloc) failed to allocate 32744 bytes for ChunkPool::allocate
# Possible reasons:
#   The system is out of physical RAM or swap space
#   The process is running with CompressedOops enabled, and the Java Heap may be blocking the growth of the native heap
# Possible solutions:
#   Reduce memory load on the system
#   Increase physical memory or swap space
#   Check if swap backing store is full
#   Decrease Java heap size (-Xmx/-Xms)
#   Decrease number of Java threads
#   Decrease Java thread stack sizes (-Xss)
#   Set larger code cache with -XX:ReservedCodeCacheSize=
#   JVM is running with Zero Based Compressed Oops mode in which the Java heap is
#     placed in the first 32GB address space. The Java Heap base address is the
#     maximum limit for the native heap growth. Please use -XX:HeapBaseMinAddress
#     to set the Java Heap base and to place the Java Heap above 32GB virtual address.
# This output file may be truncated or incomplete.
#
#  Out of Memory Error (./open/src/hotspot/share/memory/arena.cpp:79), pid=9624, tid=19852
#
# JRE version: Java(TM) SE Runtime Environment (14.0.1+7) (build 14.0.1+7)
# Java VM: Java HotSpot(TM) 64-Bit Server VM (14.0.1+7, mixed mode, sharing, tiered, compressed oops, g1 gc, windows-amd64)
# No core dump will be written. Minidumps are not enabled by default on client versions of Windows
#

---------------  S U M M A R Y ------------

Command Line: -Dfile.encoding=UTF-8 --module-path=C:\Users\Purvik\Documents\NetBeansProjects\Interactive_Quiz\build\classes RegisterForm

Host: Intel(R) Core(TM) i7-8750H CPU @ 2.20GHz, 12 cores, 15G,  Windows 10 , 64 bit Build 18362 (10.0.18362.900)
Time: Sat Jun 20 13:19:52 2020 Eastern Daylight Time elapsed time: 7 seconds (0d 0h 0m 7s)

---------------  T H R E A D  ---------------

Current thread (0x00000170b4f3d000):  JavaThread "C1 CompilerThread0" daemon [_thread_in_native, id=19852, stack(0x0000003e32900000,0x0000003e32a00000)]


Current CompileTask:
C1:   7106 1160       3       javax.swing.plaf.nimbus.NimbusStyle::validate (1150 bytes)

Stack: [0x0000003e32900000,0x0000003e32a00000]
Native frames: (J=compiled Java code, j=interpreted, Vv=VM code, C=native code)
V  [jvm.dll+0x5f840a]
V  [jvm.dll+0x741e4a]
V  [jvm.dll+0x7435ff]
V  [jvm.dll+0x743c43]
V  [jvm.dll+0x20d288]
V  [jvm.dll+0xabea6]
V  [jvm.dll+0xac1fc]
V  [jvm.dll+0x15a0e3]
V  [jvm.dll+0x15a1a7]
V  [jvm.dll+0x15caa9]
V  [jvm.dll+0x15e511]
V  [jvm.dll+0x117b55]
V  [jvm.dll+0x1173cf]
V  [jvm.dll+0x1175ff]
V  [jvm.dll+0x116884]
V  [jvm.dll+0x1187d7]
V  [jvm.dll+0x1f4105]
V  [jvm.dll+0x1f22eb]
V  [jvm.dll+0x706a9d]
V  [jvm.dll+0x6ff8ba]
V  [jvm.dll+0x5f72c6]
C  [ucrtbase.dll+0x20e82]
C  [KERNEL32.DLL+0x17bd4]
C  [ntdll.dll+0x6ce51]


---------------  P R O C E S S  ---------------

Threads class SMR info:
_java_thread_list=0x00000170b597ed00, length=16, elements={
0x00000170b4690800, 0x00000170b4692000, 0x00000170b469c000, 0x00000170b4f34000,
0x00000170b4f35800, 0x00000170b4f39800, 0x00000170b4f3d000, 0x00000170b4f42000,
0x00000170b4672800, 0x00000170b50fb800, 0x00000170b5587800, 0x00000170b5588000,
0x00000170b5589000, 0x00000170b570b800, 0x000001709053c800, 0x00000170b5987000
}

Java Threads: ( => current thread )
  0x00000170b4690800 JavaThread "Reference Handler" daemon [_thread_blocked, id=8104, stack(0x0000003e32300000,0x0000003e32400000)]
  0x00000170b4692000 JavaThread "Finalizer" daemon [_thread_blocked, id=22124, stack(0x0000003e32400000,0x0000003e32500000)]
  0x00000170b469c000 JavaThread "Signal Dispatcher" daemon [_thread_blocked, id=13880, stack(0x0000003e32500000,0x0000003e32600000)]
  0x00000170b4f34000 JavaThread "Attach Listener" daemon [_thread_blocked, id=19960, stack(0x0000003e32600000,0x0000003e32700000)]
  0x00000170b4f35800 JavaThread "Service Thread" daemon [_thread_blocked, id=23112, stack(0x0000003e32700000,0x0000003e32800000)]
  0x00000170b4f39800 JavaThread "C2 CompilerThread0" daemon [_thread_blocked, id=19984, stack(0x0000003e32800000,0x0000003e32900000)]
=>0x00000170b4f3d000 JavaThread "C1 CompilerThread0" daemon [_thread_in_native, id=19852, stack(0x0000003e32900000,0x0000003e32a00000)]
  0x00000170b4f42000 JavaThread "Sweeper thread" daemon [_thread_blocked, id=9900, stack(0x0000003e32a00000,0x0000003e32b00000)]
  0x00000170b4672800 JavaThread "Common-Cleaner" daemon [_thread_blocked, id=104, stack(0x0000003e32b00000,0x0000003e32c00000)]
  0x00000170b50fb800 JavaThread "Notification Thread" daemon [_thread_blocked, id=9176, stack(0x0000003e32d00000,0x0000003e32e00000)]
  0x00000170b5587800 JavaThread "Java2D Disposer" daemon [_thread_blocked, id=6960, stack(0x0000003e32f00000,0x0000003e33000000)]
  0x00000170b5588000 JavaThread "AWT-Shutdown" [_thread_blocked, id=11336, stack(0x0000003e33000000,0x0000003e33100000)]
  0x00000170b5589000 JavaThread "AWT-Windows" daemon [_thread_in_native, id=16824, stack(0x0000003e33100000,0x0000003e33200000)]
  0x00000170b570b800 JavaThread "AWT-EventQueue-0" [_thread_blocked, id=15928, stack(0x0000003e32c00000,0x0000003e32d00000)]
  0x000001709053c800 JavaThread "DestroyJavaVM" [_thread_blocked, id=12168, stack(0x0000003e31c00000,0x0000003e31d00000)]
  0x00000170b5987000 JavaThread "TimerQueue" daemon [_thread_blocked, id=13772, stack(0x0000003e33500000,0x0000003e33600000)]

Other Threads:
  0x00000170b4689000 VMThread "VM Thread" [stack: 0x0000003e32200000,0x0000003e32300000] [id=4544]
  0x00000170b50fc800 WatcherThread [stack: 0x0000003e32e00000,0x0000003e32f00000] [id=9728]
  0x00000170905a1800 GCTaskThread "GC Thread#0" [stack: 0x0000003e31d00000,0x0000003e31e00000] [id=12924]
  0x00000170905c4000 ConcurrentGCThread "G1 Main Marker" [stack: 0x0000003e31e00000,0x0000003e31f00000] [id=20192]
  0x00000170905c7800 ConcurrentGCThread "G1 Conc#0" [stack: 0x0000003e31f00000,0x0000003e32000000] [id=12932]
  0x00000170b4575000 ConcurrentGCThread "G1 Refine#0" [stack: 0x0000003e32000000,0x0000003e32100000] [id=21448]
  0x00000170b4576000 ConcurrentGCThread "G1 Young RemSet Sampling" [stack: 0x0000003e32100000,0x0000003e32200000] [id=17292]

Threads with active compile tasks:
C1 CompilerThread0     7125 1160       3       javax.swing.plaf.nimbus.NimbusStyle::validate (1150 bytes)

VM state:not at safepoint (normal execution)

VM Mutex/Monitor currently owned by a thread: None

Heap address: 0x0000000702400000, size: 4060 MB, Compressed Oops mode: Zero based, Oop shift amount: 3
Narrow klass base: 0x0000000800000000, Narrow klass shift: 3
Compressed class space size: 1073741824 Address: 0x0000000800b30000

Heap:
 garbage-first heap   total 260096K, used 12288K [0x0000000702400000, 0x0000000800000000)
  region size 1024K, 11 young (11264K), 0 survivors (0K)
 Metaspace       used 10619K, capacity 10906K, committed 11136K, reserved 1058816K
  class space    used 1262K, capacity 1390K, committed 1408K, reserved 1048576K
Heap Regions: E=young(eden), S=young(survivor), O=old, HS=humongous(starts), HC=humongous(continues), CS=collection set, F=free, OA=open archive, CA=closed archive, TAMS=top-at-mark-start (previous, next)
|   0|0x0000000702400000, 0x0000000702500000, 0x0000000702500000|100%|HS|  |TAMS 0x0000000702400000, 0x0000000702400000| Complete 
|   1|0x0000000702500000, 0x0000000702600000, 0x0000000702600000|100%|HC|  |TAMS 0x0000000702500000, 0x0000000702500000| Complete 
|   2|0x0000000702600000, 0x0000000702600000, 0x0000000702700000|  0%| F|  |TAMS 0x0000000702600000, 0x0000000702600000| Untracked 
|   3|0x0000000702700000, 0x0000000702700000, 0x0000000702800000|  0%| F|  |TAMS 0x0000000702700000, 0x0000000702700000| Untracked 
|   4|0x0000000702800000, 0x0000000702800000, 0x0000000702900000|  0%| F|  |TAMS 0x0000000702800000, 0x0000000702800000| Untracked 
|   5|0x0000000702900000, 0x0000000702900000, 0x0000000702a00000|  0%| F|  |TAMS 0x0000000702900000, 0x0000000702900000| Untracked 
|   6|0x0000000702a00000, 0x0000000702a00000, 0x0000000702b00000|  0%| F|  |TAMS 0x0000000702a00000, 0x0000000702a00000| Untracked 
|   7|0x0000000702b00000, 0x0000000702b00000, 0x0000000702c00000|  0%| F|  |TAMS 0x0000000702b00000, 0x0000000702b00000| Untracked 
|   8|0x0000000702c00000, 0x0000000702c00000, 0x0000000702d00000|  0%| F|  |TAMS 0x0000000702c00000, 0x0000000702c00000| Untracked 
|   9|0x0000000702d00000, 0x0000000702d00000, 0x0000000702e00000|  0%| F|  |TAMS 0x0000000702d00000, 0x0000000702d00000| Untracked 
|  10|0x0000000702e00000, 0x0000000702e00000, 0x0000000702f00000|  0%| F|  |TAMS 0x0000000702e00000, 0x0000000702e00000| Untracked 
|  11|0x0000000702f00000, 0x0000000702f00000, 0x0000000703000000|  0%| F|  |TAMS 0x0000000702f00000, 0x0000000702f00000| Untracked 
|  12|0x0000000703000000, 0x0000000703000000, 0x0000000703100000|  0%| F|  |TAMS 0x0000000703000000, 0x0000000703000000| Untracked 
|  13|0x0000000703100000, 0x0000000703100000, 0x0000000703200000|  0%| F|  |TAMS 0x0000000703100000, 0x0000000703100000| Untracked 
|  14|0x0000000703200000, 0x0000000703200000, 0x0000000703300000|  0%| F|  |TAMS 0x0000000703200000, 0x0000000703200000| Untracked 
|  15|0x0000000703300000, 0x0000000703300000, 0x0000000703400000|  0%| F|  |TAMS 0x0000000703300000, 0x0000000703300000| Untracked 
|  16|0x0000000703400000, 0x0000000703400000, 0x0000000703500000|  0%| F|  |TAMS 0x0000000703400000, 0x0000000703400000| Untracked 
|  17|0x0000000703500000, 0x0000000703500000, 0x0000000703600000|  0%| F|  |TAMS 0x0000000703500000, 0x0000000703500000| Untracked 
|  18|0x0000000703600000, 0x0000000703600000, 0x0000000703700000|  0%| F|  |TAMS 0x0000000703600000, 0x0000000703600000| Untracked 
|  19|0x0000000703700000, 0x0000000703700000, 0x0000000703800000|  0%| F|  |TAMS 0x0000000703700000, 0x0000000703700000| Untracked 
|  20|0x0000000703800000, 0x0000000703800000, 0x0000000703900000|  0%| F|  |TAMS 0x0000000703800000, 0x0000000703800000| Untracked 
|  21|0x0000000703900000, 0x0000000703900000, 0x0000000703a00000|  0%| F|  |TAMS 0x0000000703900000, 0x0000000703900000| Untracked 
|  22|0x0000000703a00000, 0x0000000703a00000, 0x0000000703b00000|  0%| F|  |TAMS 0x0000000703a00000, 0x0000000703a00000| Untracked 
|  23|0x0000000703b00000, 0x0000000703b00000, 0x0000000703c00000|  0%| F|  |TAMS 0x0000000703b00000, 0x0000000703b00000| Untracked 
|  24|0x0000000703c00000, 0x0000000703c00000, 0x0000000703d00000|  0%| F|  |TAMS 0x0000000703c00000, 0x0000000703c00000| Untracked 
|  25|0x0000000703d00000, 0x0000000703d00000, 0x0000000703e00000|  0%| F|  |TAMS 0x0000000703d00000, 0x0000000703d00000| Untracked 
|  26|0x0000000703e00000, 0x0000000703e00000, 0x0000000703f00000|  0%| F|  |TAMS 0x0000000703e00000, 0x0000000703e00000| Untracked 
|  27|0x0000000703f00000, 0x0000000703f00000, 0x0000000704000000|  0%| F|  |TAMS 0x0000000703f00000, 0x0000000703f00000| Untracked 
|  28|0x0000000704000000, 0x0000000704000000, 0x0000000704100000|  0%| F|  |TAMS 0x0000000704000000, 0x0000000704000000| Untracked 
|  29|0x0000000704100000, 0x0000000704100000, 0x0000000704200000|  0%| F|  |TAMS 0x0000000704100000, 0x0000000704100000| Untracked 
|  30|0x0000000704200000, 0x0000000704200000, 0x0000000704300000|  0%| F|  |TAMS 0x0000000704200000, 0x0000000704200000| Untracked 
|  31|0x0000000704300000, 0x0000000704300000, 0x0000000704400000|  0%| F|  |TAMS 0x0000000704300000, 0x0000000704300000| Untracked 
|  32|0x0000000704400000, 0x0000000704400000, 0x0000000704500000|  0%| F|  |TAMS 0x0000000704400000, 0x0000000704400000| Untracked 
|  33|0x0000000704500000, 0x0000000704500000, 0x0000000704600000|  0%| F|  |TAMS 0x0000000704500000, 0x0000000704500000| Untracked 
|  34|0x0000000704600000, 0x0000000704600000, 0x0000000704700000|  0%| F|  |TAMS 0x0000000704600000, 0x0000000704600000| Untracked 
|  35|0x0000000704700000, 0x0000000704700000, 0x0000000704800000|  0%| F|  |TAMS 0x0000000704700000, 0x0000000704700000| Untracked 
|  36|0x0000000704800000, 0x0000000704800000, 0x0000000704900000|  0%| F|  |TAMS 0x0000000704800000, 0x0000000704800000| Untracked 
|  37|0x0000000704900000, 0x0000000704900000, 0x0000000704a00000|  0%| F|  |TAMS 0x0000000704900000, 0x0000000704900000| Untracked 
|  38|0x0000000704a00000, 0x0000000704a00000, 0x0000000704b00000|  0%| F|  |TAMS 0x0000000704a00000, 0x0000000704a00000| Untracked 
|  39|0x0000000704b00000, 0x0000000704b00000, 0x0000000704c00000|  0%| F|  |TAMS 0x0000000704b00000, 0x0000000704b00000| Untracked 
|  40|0x0000000704c00000, 0x0000000704c00000, 0x0000000704d00000|  0%| F|  |TAMS 0x0000000704c00000, 0x0000000704c00000| Untracked 
|  41|0x0000000704d00000, 0x0000000704d00000, 0x0000000704e00000|  0%| F|  |TAMS 0x0000000704d00000, 0x0000000704d00000| Untracked 
|  42|0x0000000704e00000, 0x0000000704e00000, 0x0000000704f00000|  0%| F|  |TAMS 0x0000000704e00000, 0x0000000704e00000| Untracked 
|  43|0x0000000704f00000, 0x0000000704f00000, 0x0000000705000000|  0%| F|  |TAMS 0x0000000704f00000, 0x0000000704f00000| Untracked 
|  44|0x0000000705000000, 0x0000000705000000, 0x0000000705100000|  0%| F|  |TAMS 0x0000000705000000, 0x0000000705000000| Untracked 
|  45|0x0000000705100000, 0x0000000705100000, 0x0000000705200000|  0%| F|  |TAMS 0x0000000705100000, 0x0000000705100000| Untracked 
|  46|0x0000000705200000, 0x0000000705200000, 0x0000000705300000|  0%| F|  |TAMS 0x0000000705200000, 0x0000000705200000| Untracked 
|  47|0x0000000705300000, 0x0000000705300000, 0x0000000705400000|  0%| F|  |TAMS 0x0000000705300000, 0x0000000705300000| Untracked 
|  48|0x0000000705400000, 0x0000000705400000, 0x0000000705500000|  0%| F|  |TAMS 0x0000000705400000, 0x0000000705400000| Untracked 
|  49|0x0000000705500000, 0x0000000705500000, 0x0000000705600000|  0%| F|  |TAMS 0x0000000705500000, 0x0000000705500000| Untracked 
|  50|0x0000000705600000, 0x0000000705600000, 0x0000000705700000|  0%| F|  |TAMS 0x0000000705600000, 0x0000000705600000| Untracked 
|  51|0x0000000705700000, 0x0000000705700000, 0x0000000705800000|  0%| F|  |TAMS 0x0000000705700000, 0x0000000705700000| Untracked 
|  52|0x0000000705800000, 0x0000000705800000, 0x0000000705900000|  0%| F|  |TAMS 0x0000000705800000, 0x0000000705800000| Untracked 
|  53|0x0000000705900000, 0x0000000705900000, 0x0000000705a00000|  0%| F|  |TAMS 0x0000000705900000, 0x0000000705900000| Untracked 
|  54|0x0000000705a00000, 0x0000000705a00000, 0x0000000705b00000|  0%| F|  |TAMS 0x0000000705a00000, 0x0000000705a00000| Untracked 
|  55|0x0000000705b00000, 0x0000000705b00000, 0x0000000705c00000|  0%| F|  |TAMS 0x0000000705b00000, 0x0000000705b00000| Untracked 
|  56|0x0000000705c00000, 0x0000000705c00000, 0x0000000705d00000|  0%| F|  |TAMS 0x0000000705c00000, 0x0000000705c00000| Untracked 
|  57|0x0000000705d00000, 0x0000000705d00000, 0x0000000705e00000|  0%| F|  |TAMS 0x0000000705d00000, 0x0000000705d00000| Untracked 
|  58|0x0000000705e00000, 0x0000000705e00000, 0x0000000705f00000|  0%| F|  |TAMS 0x0000000705e00000, 0x0000000705e00000| Untracked 
|  59|0x0000000705f00000, 0x0000000705f00000, 0x0000000706000000|  0%| F|  |TAMS 0x0000000705f00000, 0x0000000705f00000| Untracked 
|  60|0x0000000706000000, 0x0000000706000000, 0x0000000706100000|  0%| F|  |TAMS 0x0000000706000000, 0x0000000706000000| Untracked 
|  61|0x0000000706100000, 0x0000000706100000, 0x0000000706200000|  0%| F|  |TAMS 0x0000000706100000, 0x0000000706100000| Untracked 
|  62|0x0000000706200000, 0x0000000706200000, 0x0000000706300000|  0%| F|  |TAMS 0x0000000706200000, 0x0000000706200000| Untracked 
|  63|0x0000000706300000, 0x0000000706300000, 0x0000000706400000|  0%| F|  |TAMS 0x0000000706300000, 0x0000000706300000| Untracked 
|  64|0x0000000706400000, 0x0000000706400000, 0x0000000706500000|  0%| F|  |TAMS 0x0000000706400000, 0x0000000706400000| Untracked 
|  65|0x0000000706500000, 0x0000000706500000, 0x0000000706600000|  0%| F|  |TAMS 0x0000000706500000, 0x0000000706500000| Untracked 
|  66|0x0000000706600000, 0x0000000706600000, 0x0000000706700000|  0%| F|  |TAMS 0x0000000706600000, 0x0000000706600000| Untracked 
|  67|0x0000000706700000, 0x0000000706700000, 0x0000000706800000|  0%| F|  |TAMS 0x0000000706700000, 0x0000000706700000| Untracked 
|  68|0x0000000706800000, 0x0000000706800000, 0x0000000706900000|  0%| F|  |TAMS 0x0000000706800000, 0x0000000706800000| Untracked 
|  69|0x0000000706900000, 0x0000000706900000, 0x0000000706a00000|  0%| F|  |TAMS 0x0000000706900000, 0x0000000706900000| Untracked 
|  70|0x0000000706a00000, 0x0000000706a00000, 0x0000000706b00000|  0%| F|  |TAMS 0x0000000706a00000, 0x0000000706a00000| Untracked 
|  71|0x0000000706b00000, 0x0000000706b00000, 0x0000000706c00000|  0%| F|  |TAMS 0x0000000706b00000, 0x0000000706b00000| Untracked 
|  72|0x0000000706c00000, 0x0000000706c00000, 0x0000000706d00000|  0%| F|  |TAMS 0x0000000706c00000, 0x0000000706c00000| Untracked 
|  73|0x0000000706d00000, 0x0000000706d00000, 0x0000000706e00000|  0%| F|  |TAMS 0x0000000706d00000, 0x0000000706d00000| Untracked 
|  74|0x0000000706e00000, 0x0000000706e00000, 0x0000000706f00000|  0%| F|  |TAMS 0x0000000706e00000, 0x0000000706e00000| Untracked 
|  75|0x0000000706f00000, 0x0000000706f00000, 0x0000000707000000|  0%| F|  |TAMS 0x0000000706f00000, 0x0000000706f00000| Untracked 
|  76|0x0000000707000000, 0x0000000707000000, 0x0000000707100000|  0%| F|  |TAMS 0x0000000707000000, 0x0000000707000000| Untracked 
|  77|0x0000000707100000, 0x0000000707100000, 0x0000000707200000|  0%| F|  |TAMS 0x0000000707100000, 0x0000000707100000| Untracked 
|  78|0x0000000707200000, 0x0000000707200000, 0x0000000707300000|  0%| F|  |TAMS 0x0000000707200000, 0x0000000707200000| Untracked 
|  79|0x0000000707300000, 0x0000000707300000, 0x0000000707400000|  0%| F|  |TAMS 0x0000000707300000, 0x0000000707300000| Untracked 
|  80|0x0000000707400000, 0x0000000707400000, 0x0000000707500000|  0%| F|  |TAMS 0x0000000707400000, 0x0000000707400000| Untracked 
|  81|0x0000000707500000, 0x0000000707500000, 0x0000000707600000|  0%| F|  |TAMS 0x0000000707500000, 0x0000000707500000| Untracked 
|  82|0x0000000707600000, 0x0000000707600000, 0x0000000707700000|  0%| F|  |TAMS 0x0000000707600000, 0x0000000707600000| Untracked 
|  83|0x0000000707700000, 0x0000000707700000, 0x0000000707800000|  0%| F|  |TAMS 0x0000000707700000, 0x0000000707700000| Untracked 
|  84|0x0000000707800000, 0x0000000707800000, 0x0000000707900000|  0%| F|  |TAMS 0x0000000707800000, 0x0000000707800000| Untracked 
|  85|0x0000000707900000, 0x0000000707900000, 0x0000000707a00000|  0%| F|  |TAMS 0x0000000707900000, 0x0000000707900000| Untracked 
|  86|0x0000000707a00000, 0x0000000707a00000, 0x0000000707b00000|  0%| F|  |TAMS 0x0000000707a00000, 0x0000000707a00000| Untracked 
|  87|0x0000000707b00000, 0x0000000707b00000, 0x0000000707c00000|  0%| F|  |TAMS 0x0000000707b00000, 0x0000000707b00000| Untracked 
|  88|0x0000000707c00000, 0x0000000707c00000, 0x0000000707d00000|  0%| F|  |TAMS 0x0000000707c00000, 0x0000000707c00000| Untracked 
|  89|0x0000000707d00000, 0x0000000707d00000, 0x0000000707e00000|  0%| F|  |TAMS 0x0000000707d00000, 0x0000000707d00000| Untracked 
|  90|0x0000000707e00000, 0x0000000707e00000, 0x0000000707f00000|  0%| F|  |TAMS 0x0000000707e00000, 0x0000000707e00000| Untracked 
|  91|0x0000000707f00000, 0x0000000707f00000, 0x0000000708000000|  0%| F|  |TAMS 0x0000000707f00000, 0x0000000707f00000| Untracked 
|  92|0x0000000708000000, 0x0000000708000000, 0x0000000708100000|  0%| F|  |TAMS 0x0000000708000000, 0x0000000708000000| Untracked 
|  93|0x0000000708100000, 0x0000000708100000, 0x0000000708200000|  0%| F|  |TAMS 0x0000000708100000, 0x0000000708100000| Untracked 
|  94|0x0000000708200000, 0x0000000708200000, 0x0000000708300000|  0%| F|  |TAMS 0x0000000708200000, 0x0000000708200000| Untracked 
|  95|0x0000000708300000, 0x0000000708300000, 0x0000000708400000|  0%| F|  |TAMS 0x0000000708300000, 0x0000000708300000| Untracked 
|  96|0x0000000708400000, 0x0000000708400000, 0x0000000708500000|  0%| F|  |TAMS 0x0000000708400000, 0x0000000708400000| Untracked 
|  97|0x0000000708500000, 0x0000000708500000, 0x0000000708600000|  0%| F|  |TAMS 0x0000000708500000, 0x0000000708500000| Untracked 
|  98|0x0000000708600000, 0x0000000708600000, 0x0000000708700000|  0%| F|  |TAMS 0x0000000708600000, 0x0000000708600000| Untracked 
|  99|0x0000000708700000, 0x0000000708700000, 0x0000000708800000|  0%| F|  |TAMS 0x0000000708700000, 0x0000000708700000| Untracked 
| 100|0x0000000708800000, 0x0000000708800000, 0x0000000708900000|  0%| F|  |TAMS 0x0000000708800000, 0x0000000708800000| Untracked 
| 101|0x0000000708900000, 0x0000000708900000, 0x0000000708a00000|  0%| F|  |TAMS 0x0000000708900000, 0x0000000708900000| Untracked 
| 102|0x0000000708a00000, 0x0000000708a00000, 0x0000000708b00000|  0%| F|  |TAMS 0x0000000708a00000, 0x0000000708a00000| Untracked 
| 103|0x0000000708b00000, 0x0000000708b00000, 0x0000000708c00000|  0%| F|  |TAMS 0x0000000708b00000, 0x0000000708b00000| Untracked 
| 104|0x0000000708c00000, 0x0000000708c00000, 0x0000000708d00000|  0%| F|  |TAMS 0x0000000708c00000, 0x0000000708c00000| Untracked 
| 105|0x0000000708d00000, 0x0000000708d00000, 0x0000000708e00000|  0%| F|  |TAMS 0x0000000708d00000, 0x0000000708d00000| Untracked 
| 106|0x0000000708e00000, 0x0000000708e00000, 0x0000000708f00000|  0%| F|  |TAMS 0x0000000708e00000, 0x0000000708e00000| Untracked 
| 107|0x0000000708f00000, 0x0000000708f00000, 0x0000000709000000|  0%| F|  |TAMS 0x0000000708f00000, 0x0000000708f00000| Untracked 
| 108|0x0000000709000000, 0x0000000709000000, 0x0000000709100000|  0%| F|  |TAMS 0x0000000709000000, 0x0000000709000000| Untracked 
| 109|0x0000000709100000, 0x0000000709100000, 0x0000000709200000|  0%| F|  |TAMS 0x0000000709100000, 0x0000000709100000| Untracked 
| 110|0x0000000709200000, 0x0000000709200000, 0x0000000709300000|  0%| F|  |TAMS 0x0000000709200000, 0x0000000709200000| Untracked 
| 111|0x0000000709300000, 0x0000000709300000, 0x0000000709400000|  0%| F|  |TAMS 0x0000000709300000, 0x0000000709300000| Untracked 
| 112|0x0000000709400000, 0x0000000709400000, 0x0000000709500000|  0%| F|  |TAMS 0x0000000709400000, 0x0000000709400000| Untracked 
| 113|0x0000000709500000, 0x0000000709500000, 0x0000000709600000|  0%| F|  |TAMS 0x0000000709500000, 0x0000000709500000| Untracked 
| 114|0x0000000709600000, 0x0000000709600000, 0x0000000709700000|  0%| F|  |TAMS 0x0000000709600000, 0x0000000709600000| Untracked 
| 115|0x0000000709700000, 0x0000000709700000, 0x0000000709800000|  0%| F|  |TAMS 0x0000000709700000, 0x0000000709700000| Untracked 
| 116|0x0000000709800000, 0x0000000709800000, 0x0000000709900000|  0%| F|  |TAMS 0x0000000709800000, 0x0000000709800000| Untracked 
| 117|0x0000000709900000, 0x0000000709900000, 0x0000000709a00000|  0%| F|  |TAMS 0x0000000709900000, 0x0000000709900000| Untracked 
| 118|0x0000000709a00000, 0x0000000709a00000, 0x0000000709b00000|  0%| F|  |TAMS 0x0000000709a00000, 0x0000000709a00000| Untracked 
| 119|0x0000000709b00000, 0x0000000709b00000, 0x0000000709c00000|  0%| F|  |TAMS 0x0000000709b00000, 0x0000000709b00000| Untracked 
| 120|0x0000000709c00000, 0x0000000709c00000, 0x0000000709d00000|  0%| F|  |TAMS 0x0000000709c00000, 0x0000000709c00000| Untracked 
| 121|0x0000000709d00000, 0x0000000709d00000, 0x0000000709e00000|  0%| F|  |TAMS 0x0000000709d00000, 0x0000000709d00000| Untracked 
| 122|0x0000000709e00000, 0x0000000709e00000, 0x0000000709f00000|  0%| F|  |TAMS 0x0000000709e00000, 0x0000000709e00000| Untracked 
| 123|0x0000000709f00000, 0x0000000709f00000, 0x000000070a000000|  0%| F|  |TAMS 0x0000000709f00000, 0x0000000709f00000| Untracked 
| 124|0x000000070a000000, 0x000000070a000000, 0x000000070a100000|  0%| F|  |TAMS 0x000000070a000000, 0x000000070a000000| Untracked 
| 125|0x000000070a100000, 0x000000070a100000, 0x000000070a200000|  0%| F|  |TAMS 0x000000070a100000, 0x000000070a100000| Untracked 
| 126|0x000000070a200000, 0x000000070a200000, 0x000000070a300000|  0%| F|  |TAMS 0x000000070a200000, 0x000000070a200000| Untracked 
| 127|0x000000070a300000, 0x000000070a300000, 0x000000070a400000|  0%| F|  |TAMS 0x000000070a300000, 0x000000070a300000| Untracked 
| 128|0x000000070a400000, 0x000000070a400000, 0x000000070a500000|  0%| F|  |TAMS 0x000000070a400000, 0x000000070a400000| Untracked 
| 129|0x000000070a500000, 0x000000070a500000, 0x000000070a600000|  0%| F|  |TAMS 0x000000070a500000, 0x000000070a500000| Untracked 
| 130|0x000000070a600000, 0x000000070a600000, 0x000000070a700000|  0%| F|  |TAMS 0x000000070a600000, 0x000000070a600000| Untracked 
| 131|0x000000070a700000, 0x000000070a700000, 0x000000070a800000|  0%| F|  |TAMS 0x000000070a700000, 0x000000070a700000| Untracked 
| 132|0x000000070a800000, 0x000000070a800000, 0x000000070a900000|  0%| F|  |TAMS 0x000000070a800000, 0x000000070a800000| Untracked 
| 133|0x000000070a900000, 0x000000070a900000, 0x000000070aa00000|  0%| F|  |TAMS 0x000000070a900000, 0x000000070a900000| Untracked 
| 134|0x000000070aa00000, 0x000000070aa00000, 0x000000070ab00000|  0%| F|  |TAMS 0x000000070aa00000, 0x000000070aa00000| Untracked 
| 135|0x000000070ab00000, 0x000000070ab00000, 0x000000070ac00000|  0%| F|  |TAMS 0x000000070ab00000, 0x000000070ab00000| Untracked 
| 136|0x000000070ac00000, 0x000000070ac00000, 0x000000070ad00000|  0%| F|  |TAMS 0x000000070ac00000, 0x000000070ac00000| Untracked 
| 137|0x000000070ad00000, 0x000000070ad00000, 0x000000070ae00000|  0%| F|  |TAMS 0x000000070ad00000, 0x000000070ad00000| Untracked 
| 138|0x000000070ae00000, 0x000000070ae00000, 0x000000070af00000|  0%| F|  |TAMS 0x000000070ae00000, 0x000000070ae00000| Untracked 
| 139|0x000000070af00000, 0x000000070af00000, 0x000000070b000000|  0%| F|  |TAMS 0x000000070af00000, 0x000000070af00000| Untracked 
| 140|0x000000070b000000, 0x000000070b000000, 0x000000070b100000|  0%| F|  |TAMS 0x000000070b000000, 0x000000070b000000| Untracked 
| 141|0x000000070b100000, 0x000000070b100000, 0x000000070b200000|  0%| F|  |TAMS 0x000000070b100000, 0x000000070b100000| Untracked 
| 142|0x000000070b200000, 0x000000070b200000, 0x000000070b300000|  0%| F|  |TAMS 0x000000070b200000, 0x000000070b200000| Untracked 
| 143|0x000000070b300000, 0x000000070b300000, 0x000000070b400000|  0%| F|  |TAMS 0x000000070b300000, 0x000000070b300000| Untracked 
| 144|0x000000070b400000, 0x000000070b400000, 0x000000070b500000|  0%| F|  |TAMS 0x000000070b400000, 0x000000070b400000| Untracked 
| 145|0x000000070b500000, 0x000000070b500000, 0x000000070b600000|  0%| F|  |TAMS 0x000000070b500000, 0x000000070b500000| Untracked 
| 146|0x000000070b600000, 0x000000070b600000, 0x000000070b700000|  0%| F|  |TAMS 0x000000070b600000, 0x000000070b600000| Untracked 
| 147|0x000000070b700000, 0x000000070b700000, 0x000000070b800000|  0%| F|  |TAMS 0x000000070b700000, 0x000000070b700000| Untracked 
| 148|0x000000070b800000, 0x000000070b800000, 0x000000070b900000|  0%| F|  |TAMS 0x000000070b800000, 0x000000070b800000| Untracked 
| 149|0x000000070b900000, 0x000000070b900000, 0x000000070ba00000|  0%| F|  |TAMS 0x000000070b900000, 0x000000070b900000| Untracked 
| 150|0x000000070ba00000, 0x000000070ba00000, 0x000000070bb00000|  0%| F|  |TAMS 0x000000070ba00000, 0x000000070ba00000| Untracked 
| 151|0x000000070bb00000, 0x000000070bb00000, 0x000000070bc00000|  0%| F|  |TAMS 0x000000070bb00000, 0x000000070bb00000| Untracked 
| 152|0x000000070bc00000, 0x000000070bc00000, 0x000000070bd00000|  0%| F|  |TAMS 0x000000070bc00000, 0x000000070bc00000| Untracked 
| 153|0x000000070bd00000, 0x000000070bd00000, 0x000000070be00000|  0%| F|  |TAMS 0x000000070bd00000, 0x000000070bd00000| Untracked 
| 154|0x000000070be00000, 0x000000070be00000, 0x000000070bf00000|  0%| F|  |TAMS 0x000000070be00000, 0x000000070be00000| Untracked 
| 155|0x000000070bf00000, 0x000000070bf00000, 0x000000070c000000|  0%| F|  |TAMS 0x000000070bf00000, 0x000000070bf00000| Untracked 
| 156|0x000000070c000000, 0x000000070c000000, 0x000000070c100000|  0%| F|  |TAMS 0x000000070c000000, 0x000000070c000000| Untracked 
| 157|0x000000070c100000, 0x000000070c100000, 0x000000070c200000|  0%| F|  |TAMS 0x000000070c100000, 0x000000070c100000| Untracked 
| 158|0x000000070c200000, 0x000000070c200000, 0x000000070c300000|  0%| F|  |TAMS 0x000000070c200000, 0x000000070c200000| Untracked 
| 159|0x000000070c300000, 0x000000070c300000, 0x000000070c400000|  0%| F|  |TAMS 0x000000070c300000, 0x000000070c300000| Untracked 
| 160|0x000000070c400000, 0x000000070c400000, 0x000000070c500000|  0%| F|  |TAMS 0x000000070c400000, 0x000000070c400000| Untracked 
| 161|0x000000070c500000, 0x000000070c500000, 0x000000070c600000|  0%| F|  |TAMS 0x000000070c500000, 0x000000070c500000| Untracked 
| 162|0x000000070c600000, 0x000000070c600000, 0x000000070c700000|  0%| F|  |TAMS 0x000000070c600000, 0x000000070c600000| Untracked 
| 163|0x000000070c700000, 0x000000070c700000, 0x000000070c800000|  0%| F|  |TAMS 0x000000070c700000, 0x000000070c700000| Untracked 
| 164|0x000000070c800000, 0x000000070c800000, 0x000000070c900000|  0%| F|  |TAMS 0x000000070c800000, 0x000000070c800000| Untracked 
| 165|0x000000070c900000, 0x000000070c900000, 0x000000070ca00000|  0%| F|  |TAMS 0x000000070c900000, 0x000000070c900000| Untracked 
| 166|0x000000070ca00000, 0x000000070ca00000, 0x000000070cb00000|  0%| F|  |TAMS 0x000000070ca00000, 0x000000070ca00000| Untracked 
| 167|0x000000070cb00000, 0x000000070cb00000, 0x000000070cc00000|  0%| F|  |TAMS 0x000000070cb00000, 0x000000070cb00000| Untracked 
| 168|0x000000070cc00000, 0x000000070cc00000, 0x000000070cd00000|  0%| F|  |TAMS 0x000000070cc00000, 0x000000070cc00000| Untracked 
| 169|0x000000070cd00000, 0x000000070cd00000, 0x000000070ce00000|  0%| F|  |TAMS 0x000000070cd00000, 0x000000070cd00000| Untracked 
| 170|0x000000070ce00000, 0x000000070ce00000, 0x000000070cf00000|  0%| F|  |TAMS 0x000000070ce00000, 0x000000070ce00000| Untracked 
| 171|0x000000070cf00000, 0x000000070cf00000, 0x000000070d000000|  0%| F|  |TAMS 0x000000070cf00000, 0x000000070cf00000| Untracked 
| 172|0x000000070d000000, 0x000000070d000000, 0x000000070d100000|  0%| F|  |TAMS 0x000000070d000000, 0x000000070d000000| Untracked 
| 173|0x000000070d100000, 0x000000070d100000, 0x000000070d200000|  0%| F|  |TAMS 0x000000070d100000, 0x000000070d100000| Untracked 
| 174|0x000000070d200000, 0x000000070d200000, 0x000000070d300000|  0%| F|  |TAMS 0x000000070d200000, 0x000000070d200000| Untracked 
| 175|0x000000070d300000, 0x000000070d300000, 0x000000070d400000|  0%| F|  |TAMS 0x000000070d300000, 0x000000070d300000| Untracked 
| 176|0x000000070d400000, 0x000000070d400000, 0x000000070d500000|  0%| F|  |TAMS 0x000000070d400000, 0x000000070d400000| Untracked 
| 177|0x000000070d500000, 0x000000070d500000, 0x000000070d600000|  0%| F|  |TAMS 0x000000070d500000, 0x000000070d500000| Untracked 
| 178|0x000000070d600000, 0x000000070d600000, 0x000000070d700000|  0%| F|  |TAMS 0x000000070d600000, 0x000000070d600000| Untracked 
| 179|0x000000070d700000, 0x000000070d700000, 0x000000070d800000|  0%| F|  |TAMS 0x000000070d700000, 0x000000070d700000| Untracked 
| 180|0x000000070d800000, 0x000000070d800000, 0x000000070d900000|  0%| F|  |TAMS 0x000000070d800000, 0x000000070d800000| Untracked 
| 181|0x000000070d900000, 0x000000070d900000, 0x000000070da00000|  0%| F|  |TAMS 0x000000070d900000, 0x000000070d900000| Untracked 
| 182|0x000000070da00000, 0x000000070da00000, 0x000000070db00000|  0%| F|  |TAMS 0x000000070da00000, 0x000000070da00000| Untracked 
| 183|0x000000070db00000, 0x000000070db00000, 0x000000070dc00000|  0%| F|  |TAMS 0x000000070db00000, 0x000000070db00000| Untracked 
| 184|0x000000070dc00000, 0x000000070dc00000, 0x000000070dd00000|  0%| F|  |TAMS 0x000000070dc00000, 0x000000070dc00000| Untracked 
| 185|0x000000070dd00000, 0x000000070dd00000, 0x000000070de00000|  0%| F|  |TAMS 0x000000070dd00000, 0x000000070dd00000| Untracked 
| 186|0x000000070de00000, 0x000000070de00000, 0x000000070df00000|  0%| F|  |TAMS 0x000000070de00000, 0x000000070de00000| Untracked 
| 187|0x000000070df00000, 0x000000070df00000, 0x000000070e000000|  0%| F|  |TAMS 0x000000070df00000, 0x000000070df00000| Untracked 
| 188|0x000000070e000000, 0x000000070e000000, 0x000000070e100000|  0%| F|  |TAMS 0x000000070e000000, 0x000000070e000000| Untracked 
| 189|0x000000070e100000, 0x000000070e100000, 0x000000070e200000|  0%| F|  |TAMS 0x000000070e100000, 0x000000070e100000| Untracked 
| 190|0x000000070e200000, 0x000000070e200000, 0x000000070e300000|  0%| F|  |TAMS 0x000000070e200000, 0x000000070e200000| Untracked 
| 191|0x000000070e300000, 0x000000070e300000, 0x000000070e400000|  0%| F|  |TAMS 0x000000070e300000, 0x000000070e300000| Untracked 
| 192|0x000000070e400000, 0x000000070e400000, 0x000000070e500000|  0%| F|  |TAMS 0x000000070e400000, 0x000000070e400000| Untracked 
| 193|0x000000070e500000, 0x000000070e500000, 0x000000070e600000|  0%| F|  |TAMS 0x000000070e500000, 0x000000070e500000| Untracked 
| 194|0x000000070e600000, 0x000000070e600000, 0x000000070e700000|  0%| F|  |TAMS 0x000000070e600000, 0x000000070e600000| Untracked 
| 195|0x000000070e700000, 0x000000070e700000, 0x000000070e800000|  0%| F|  |TAMS 0x000000070e700000, 0x000000070e700000| Untracked 
| 196|0x000000070e800000, 0x000000070e800000, 0x000000070e900000|  0%| F|  |TAMS 0x000000070e800000, 0x000000070e800000| Untracked 
| 197|0x000000070e900000, 0x000000070e900000, 0x000000070ea00000|  0%| F|  |TAMS 0x000000070e900000, 0x000000070e900000| Untracked 
| 198|0x000000070ea00000, 0x000000070ea00000, 0x000000070eb00000|  0%| F|  |TAMS 0x000000070ea00000, 0x000000070ea00000| Untracked 
| 199|0x000000070eb00000, 0x000000070eb00000, 0x000000070ec00000|  0%| F|  |TAMS 0x000000070eb00000, 0x000000070eb00000| Untracked 
| 200|0x000000070ec00000, 0x000000070ec00000, 0x000000070ed00000|  0%| F|  |TAMS 0x000000070ec00000, 0x000000070ec00000| Untracked 
| 201|0x000000070ed00000, 0x000000070ed00000, 0x000000070ee00000|  0%| F|  |TAMS 0x000000070ed00000, 0x000000070ed00000| Untracked 
| 202|0x000000070ee00000, 0x000000070ee00000, 0x000000070ef00000|  0%| F|  |TAMS 0x000000070ee00000, 0x000000070ee00000| Untracked 
| 203|0x000000070ef00000, 0x000000070ef00000, 0x000000070f000000|  0%| F|  |TAMS 0x000000070ef00000, 0x000000070ef00000| Untracked 
| 204|0x000000070f000000, 0x000000070f000000, 0x000000070f100000|  0%| F|  |TAMS 0x000000070f000000, 0x000000070f000000| Untracked 
| 205|0x000000070f100000, 0x000000070f100000, 0x000000070f200000|  0%| F|  |TAMS 0x000000070f100000, 0x000000070f100000| Untracked 
| 206|0x000000070f200000, 0x000000070f200000, 0x000000070f300000|  0%| F|  |TAMS 0x000000070f200000, 0x000000070f200000| Untracked 
| 207|0x000000070f300000, 0x000000070f300000, 0x000000070f400000|  0%| F|  |TAMS 0x000000070f300000, 0x000000070f300000| Untracked 
| 208|0x000000070f400000, 0x000000070f400000, 0x000000070f500000|  0%| F|  |TAMS 0x000000070f400000, 0x000000070f400000| Untracked 
| 209|0x000000070f500000, 0x000000070f500000, 0x000000070f600000|  0%| F|  |TAMS 0x000000070f500000, 0x000000070f500000| Untracked 
| 210|0x000000070f600000, 0x000000070f600000, 0x000000070f700000|  0%| F|  |TAMS 0x000000070f600000, 0x000000070f600000| Untracked 
| 211|0x000000070f700000, 0x000000070f700000, 0x000000070f800000|  0%| F|  |TAMS 0x000000070f700000, 0x000000070f700000| Untracked 
| 212|0x000000070f800000, 0x000000070f800000, 0x000000070f900000|  0%| F|  |TAMS 0x000000070f800000, 0x000000070f800000| Untracked 
| 213|0x000000070f900000, 0x000000070f900000, 0x000000070fa00000|  0%| F|  |TAMS 0x000000070f900000, 0x000000070f900000| Untracked 
| 214|0x000000070fa00000, 0x000000070fa00000, 0x000000070fb00000|  0%| F|  |TAMS 0x000000070fa00000, 0x000000070fa00000| Untracked 
| 215|0x000000070fb00000, 0x000000070fb00000, 0x000000070fc00000|  0%| F|  |TAMS 0x000000070fb00000, 0x000000070fb00000| Untracked 
| 216|0x000000070fc00000, 0x000000070fc00000, 0x000000070fd00000|  0%| F|  |TAMS 0x000000070fc00000, 0x000000070fc00000| Untracked 
| 217|0x000000070fd00000, 0x000000070fd00000, 0x000000070fe00000|  0%| F|  |TAMS 0x000000070fd00000, 0x000000070fd00000| Untracked 
| 218|0x000000070fe00000, 0x000000070fe00000, 0x000000070ff00000|  0%| F|  |TAMS 0x000000070fe00000, 0x000000070fe00000| Untracked 
| 219|0x000000070ff00000, 0x000000070ff00000, 0x0000000710000000|  0%| F|  |TAMS 0x000000070ff00000, 0x000000070ff00000| Untracked 
| 220|0x0000000710000000, 0x0000000710000000, 0x0000000710100000|  0%| F|  |TAMS 0x0000000710000000, 0x0000000710000000| Untracked 
| 221|0x0000000710100000, 0x0000000710100000, 0x0000000710200000|  0%| F|  |TAMS 0x0000000710100000, 0x0000000710100000| Untracked 
| 222|0x0000000710200000, 0x0000000710200000, 0x0000000710300000|  0%| F|  |TAMS 0x0000000710200000, 0x0000000710200000| Untracked 
| 223|0x0000000710300000, 0x0000000710300000, 0x0000000710400000|  0%| F|  |TAMS 0x0000000710300000, 0x0000000710300000| Untracked 
| 224|0x0000000710400000, 0x0000000710400000, 0x0000000710500000|  0%| F|  |TAMS 0x0000000710400000, 0x0000000710400000| Untracked 
| 225|0x0000000710500000, 0x0000000710500000, 0x0000000710600000|  0%| F|  |TAMS 0x0000000710500000, 0x0000000710500000| Untracked 
| 226|0x0000000710600000, 0x0000000710600000, 0x0000000710700000|  0%| F|  |TAMS 0x0000000710600000, 0x0000000710600000| Untracked 
| 227|0x0000000710700000, 0x0000000710700000, 0x0000000710800000|  0%| F|  |TAMS 0x0000000710700000, 0x0000000710700000| Untracked 
| 228|0x0000000710800000, 0x0000000710800000, 0x0000000710900000|  0%| F|  |TAMS 0x0000000710800000, 0x0000000710800000| Untracked 
| 229|0x0000000710900000, 0x0000000710900000, 0x0000000710a00000|  0%| F|  |TAMS 0x0000000710900000, 0x0000000710900000| Untracked 
| 230|0x0000000710a00000, 0x0000000710a00000, 0x0000000710b00000|  0%| F|  |TAMS 0x0000000710a00000, 0x0000000710a00000| Untracked 
| 231|0x0000000710b00000, 0x0000000710b00000, 0x0000000710c00000|  0%| F|  |TAMS 0x0000000710b00000, 0x0000000710b00000| Untracked 
| 232|0x0000000710c00000, 0x0000000710c00000, 0x0000000710d00000|  0%| F|  |TAMS 0x0000000710c00000, 0x0000000710c00000| Untracked 
| 233|0x0000000710d00000, 0x0000000710d00000, 0x0000000710e00000|  0%| F|  |TAMS 0x0000000710d00000, 0x0000000710d00000| Untracked 
| 234|0x0000000710e00000, 0x0000000710e00000, 0x0000000710f00000|  0%| F|  |TAMS 0x0000000710e00000, 0x0000000710e00000| Untracked 
| 235|0x0000000710f00000, 0x0000000710f00000, 0x0000000711000000|  0%| F|  |TAMS 0x0000000710f00000, 0x0000000710f00000| Untracked 
| 236|0x0000000711000000, 0x0000000711000000, 0x0000000711100000|  0%| F|  |TAMS 0x0000000711000000, 0x0000000711000000| Untracked 
| 237|0x0000000711100000, 0x0000000711100000, 0x0000000711200000|  0%| F|  |TAMS 0x0000000711100000, 0x0000000711100000| Untracked 
| 238|0x0000000711200000, 0x0000000711200000, 0x0000000711300000|  0%| F|  |TAMS 0x0000000711200000, 0x0000000711200000| Untracked 
| 239|0x0000000711300000, 0x0000000711300000, 0x0000000711400000|  0%| F|  |TAMS 0x0000000711300000, 0x0000000711300000| Untracked 
| 240|0x0000000711400000, 0x0000000711400000, 0x0000000711500000|  0%| F|  |TAMS 0x0000000711400000, 0x0000000711400000| Untracked 
| 241|0x0000000711500000, 0x0000000711500000, 0x0000000711600000|  0%| F|  |TAMS 0x0000000711500000, 0x0000000711500000| Untracked 
| 242|0x0000000711600000, 0x0000000711600000, 0x0000000711700000|  0%| F|  |TAMS 0x0000000711600000, 0x0000000711600000| Untracked 
| 243|0x0000000711700000, 0x0000000711778438, 0x0000000711800000| 46%| E|  |TAMS 0x0000000711700000, 0x0000000711700000| Complete 
| 244|0x0000000711800000, 0x0000000711900000, 0x0000000711900000|100%| E|CS|TAMS 0x0000000711800000, 0x0000000711800000| Complete 
| 245|0x0000000711900000, 0x0000000711a00000, 0x0000000711a00000|100%| E|CS|TAMS 0x0000000711900000, 0x0000000711900000| Complete 
| 246|0x0000000711a00000, 0x0000000711b00000, 0x0000000711b00000|100%| E|CS|TAMS 0x0000000711a00000, 0x0000000711a00000| Complete 
| 247|0x0000000711b00000, 0x0000000711c00000, 0x0000000711c00000|100%| E|CS|TAMS 0x0000000711b00000, 0x0000000711b00000| Complete 
| 248|0x0000000711c00000, 0x0000000711d00000, 0x0000000711d00000|100%| E|CS|TAMS 0x0000000711c00000, 0x0000000711c00000| Complete 
| 249|0x0000000711d00000, 0x0000000711e00000, 0x0000000711e00000|100%| E|CS|TAMS 0x0000000711d00000, 0x0000000711d00000| Complete 
| 250|0x0000000711e00000, 0x0000000711f00000, 0x0000000711f00000|100%| E|CS|TAMS 0x0000000711e00000, 0x0000000711e00000| Complete 
| 251|0x0000000711f00000, 0x0000000712000000, 0x0000000712000000|100%| E|CS|TAMS 0x0000000711f00000, 0x0000000711f00000| Complete 
| 252|0x0000000712000000, 0x0000000712100000, 0x0000000712100000|100%| E|CS|TAMS 0x0000000712000000, 0x0000000712000000| Complete 
| 253|0x0000000712100000, 0x0000000712200000, 0x0000000712200000|100%| E|CS|TAMS 0x0000000712100000, 0x0000000712100000| Complete 

Card table byte_map: [0x00000170a8a30000,0x00000170a9220000] _byte_map_base: 0x00000170a521e000

Marking Bits (Prev, Next): (CMBitMap*) 0x00000170905a3418, (CMBitMap*) 0x00000170905a3458
 Prev Bits: [0x00000170a9a10000, 0x00000170ad980000)
 Next Bits: [0x00000170ad980000, 0x00000170b18f0000)

Polling page: 0x000001708e3b0000

Metaspace:

Usage:
  Non-class:      9.29 MB capacity,     9.14 MB ( 98%) used,   137.21 KB (  1%) free+waste,    22.50 KB ( <1%) overhead. 
      Class:      1.36 MB capacity,     1.23 MB ( 91%) used,   113.05 KB (  8%) free+waste,    14.13 KB (  1%) overhead. 
       Both:     10.65 MB capacity,    10.37 MB ( 97%) used,   250.26 KB (  2%) free+waste,    36.63 KB ( <1%) overhead. 

Virtual space:
  Non-class space:       10.00 MB reserved,       9.50 MB ( 95%) committed 
      Class space:        1.00 GB reserved,       1.38 MB ( <1%) committed 
             Both:        1.01 GB reserved,      10.88 MB (  1%) committed 

Chunk freelists:
   Non-Class:  20.00 KB
       Class:  18.00 KB
        Both:  38.00 KB

MaxMetaspaceSize: 17179869184.00 GB
CompressedClassSpaceSize: 1.00 GB

CodeHeap 'non-profiled nmethods': size=120000Kb used=360Kb max_used=360Kb free=119639Kb
 bounds [0x00000170a07b0000, 0x00000170a0a20000, 0x00000170a7ce0000]
CodeHeap 'profiled nmethods': size=120000Kb used=1836Kb max_used=1836Kb free=118164Kb
 bounds [0x0000017099280000, 0x00000170994f0000, 0x00000170a07b0000]
CodeHeap 'non-nmethods': size=5760Kb used=1321Kb max_used=1341Kb free=4438Kb
 bounds [0x0000017098ce0000, 0x0000017098f50000, 0x0000017099280000]
 total_blobs=2216 nmethods=1158 adapters=533
 compilation: enabled
              stopped_count=0, restarted_count=0
 full_count=0

Compilation events (20 events):
Event: 6.936 Thread 0x00000170b4f3d000 1152       3       sun.java2d.SunGraphics2D::dispose (12 bytes)
Event: 6.936 Thread 0x00000170b4f3d000 nmethod 1152 0x0000017099446f10 code [0x00000170994470c0, 0x0000017099447288]
Event: 6.936 Thread 0x00000170b4f3d000 1154       3       sun.java2d.loops.MaskBlit::getFromCache (93 bytes)
Event: 6.936 Thread 0x00000170b4f39800 nmethod 1144 0x00000170a0806110 code [0x00000170a0806280, 0x00000170a0806798]
Event: 6.936 Thread 0x00000170b4f39800 1150       4       java.lang.String::equals (50 bytes)
Event: 6.937 Thread 0x00000170b4f3d000 nmethod 1154 0x0000017099447310 code [0x0000017099447580, 0x0000017099447d38]
Event: 6.937 Thread 0x00000170b4f3d000 1153       3       java.awt.Rectangle::clip (39 bytes)
Event: 6.937 Thread 0x00000170b4f3d000 nmethod 1153 0x0000017099448090 code [0x00000170994482e0, 0x0000017099448738]
Event: 6.937 Thread 0x00000170b4f3d000 1149       1       javax.swing.JTextField::getUIClassID (3 bytes)
Event: 6.937 Thread 0x00000170b4f3d000 nmethod 1149 0x00000170a0806810 code [0x00000170a08069a0, 0x00000170a0806a78]
Event: 6.937 Thread 0x00000170b4f3d000 1155       1       javax.swing.text.AbstractDocument$BranchElement::getElementCount (5 bytes)
Event: 6.937 Thread 0x00000170b4f3d000 nmethod 1155 0x00000170a0806b10 code [0x00000170a0806ca0, 0x00000170a0806d78]
Event: 6.937 Thread 0x00000170b4f39800 nmethod 1150 0x00000170a0806e10 code [0x00000170a0806fa0, 0x00000170a0807178]
Event: 6.937 Thread 0x00000170b4f39800 1156       4       sun.java2d.marlin.MarlinCache::copyAARowRLE_WithBlockFlags (733 bytes)
Event: 6.958 Thread 0x00000170b4f39800 nmethod 1156 0x00000170a0807210 code [0x00000170a08075a0, 0x00000170a0808eb8]
Event: 7.100 Thread 0x00000170b4f3d000 1158   !   3       javax.swing.RepaintManager::addDirtyRegion0 (205 bytes)
Event: 7.100 Thread 0x00000170b4f3d000 nmethod 1158 0x0000017099448890 code [0x0000017099448ba0, 0x000001709944a918]
Event: 7.100 Thread 0x00000170b4f3d000 1160       3       javax.swing.plaf.nimbus.NimbusStyle::validate (1150 bytes)
Event: 7.102 Thread 0x00000170b4f39800 1169       4       java.util.concurrent.locks.AbstractQueuedSynchronizer::compareAndSetState (13 bytes)
Event: 7.103 Thread 0x00000170b4f39800 nmethod 1169 0x00000170a080a010 code [0x00000170a080a180, 0x00000170a080a1f8]

GC Heap History (0 events):
No events

Deoptimization events (20 events):
Event: 5.266 Thread 0x00000170b570b800 DEOPT PACKING pc=0x00000170993dea97 sp=0x0000003e32cfd040
Event: 5.266 Thread 0x00000170b570b800 DEOPT UNPACKING pc=0x0000017098d2964e sp=0x0000003e32cfc4c8 mode 0
Event: 6.493 Thread 0x00000170b570b800 Uncommon trap: trap_request=0xffffffde fr.pc=0x00000170a07be368 relative=0x00000000000001c8
Event: 6.493 Thread 0x00000170b570b800 Uncommon trap: reason=class_check action=maybe_recompile pc=0x00000170a07be368 method=java.lang.String.equals(Ljava/lang/Object;)Z @ 8 c2
Event: 6.493 Thread 0x00000170b570b800 DEOPT PACKING pc=0x00000170a07be368 sp=0x0000003e32cfe190
Event: 6.493 Thread 0x00000170b570b800 DEOPT UNPACKING pc=0x0000017098d2912f sp=0x0000003e32cfe138 mode 2
Event: 6.493 Thread 0x00000170b570b800 Uncommon trap: trap_request=0xffffffde fr.pc=0x00000170a07be368 relative=0x00000000000001c8
Event: 6.493 Thread 0x00000170b570b800 Uncommon trap: reason=class_check action=maybe_recompile pc=0x00000170a07be368 method=java.lang.String.equals(Ljava/lang/Object;)Z @ 8 c2
Event: 6.493 Thread 0x00000170b570b800 DEOPT PACKING pc=0x00000170a07be368 sp=0x0000003e32cfe190
Event: 6.493 Thread 0x00000170b570b800 DEOPT UNPACKING pc=0x0000017098d2912f sp=0x0000003e32cfe138 mode 2
Event: 6.621 Thread 0x00000170b570b800 Uncommon trap: trap_request=0xffffffde fr.pc=0x00000170a07be368 relative=0x00000000000001c8
Event: 6.621 Thread 0x00000170b570b800 Uncommon trap: reason=class_check action=maybe_recompile pc=0x00000170a07be368 method=java.lang.String.equals(Ljava/lang/Object;)Z @ 8 c2
Event: 6.621 Thread 0x00000170b570b800 DEOPT PACKING pc=0x00000170a07be368 sp=0x0000003e32cfe190
Event: 6.621 Thread 0x00000170b570b800 DEOPT UNPACKING pc=0x0000017098d2912f sp=0x0000003e32cfe138 mode 2
Event: 6.621 Thread 0x00000170b570b800 Uncommon trap: trap_request=0xffffffde fr.pc=0x00000170a07be368 relative=0x00000000000001c8
Event: 6.621 Thread 0x00000170b570b800 Uncommon trap: reason=class_check action=maybe_recompile pc=0x00000170a07be368 method=java.lang.String.equals(Ljava/lang/Object;)Z @ 8 c2
Event: 6.621 Thread 0x00000170b570b800 DEOPT PACKING pc=0x00000170a07be368 sp=0x0000003e32cfe190
Event: 6.621 Thread 0x00000170b570b800 DEOPT UNPACKING pc=0x0000017098d2912f sp=0x0000003e32cfe138 mode 2
Event: 6.936 Thread 0x00000170b570b800 DEOPT PACKING pc=0x00000170993c743e sp=0x0000003e32cfce00
Event: 6.936 Thread 0x00000170b570b800 DEOPT UNPACKING pc=0x0000017098d2964e sp=0x0000003e32cfc250 mode 0

Classes unloaded (0 events):
No events

Classes redefined (0 events):
No events

Internal exceptions (20 events):
Event: 0.566 Thread 0x000001709053c800 Exception <a 'java/lang/ClassNotFoundException'{0x0000000711d0f988}: TextPane> (0x0000000711d0f988) 
thrown [./open/src/hotspot/share/classfile/systemDictionary.cpp, line 226]
Event: 0.566 Thread 0x000001709053c800 Exception <a 'java/lang/ClassNotFoundException'{0x0000000711d0fdf0}: EditorPane> (0x0000000711d0fdf0) 
thrown [./open/src/hotspot/share/classfile/systemDictionary.cpp, line 226]
Event: 0.566 Thread 0x000001709053c800 Exception <a 'java/lang/ClassNotFoundException'{0x0000000711d10750}: ToolBar> (0x0000000711d10750) 
thrown [./open/src/hotspot/share/classfile/systemDictionary.cpp, line 226]
Event: 0.566 Thread 0x000001709053c800 Exception <a 'java/lang/ClassNotFoundException'{0x0000000711d10c48}: ToolBar> (0x0000000711d10c48) 
thrown [./open/src/hotspot/share/classfile/systemDictionary.cpp, line 226]
Event: 0.566 Thread 0x000001709053c800 Exception <a 'java/lang/ClassNotFoundException'{0x0000000711d10fa8}: Button> (0x0000000711d10fa8) 
thrown [./open/src/hotspot/share/classfile/systemDictionary.cpp, line 226]
Event: 0.566 Thread 0x000001709053c800 Exception <a 'java/lang/ClassNotFoundException'{0x0000000711d11470}: ToolBar> (0x0000000711d11470) 
thrown [./open/src/hotspot/share/classfile/systemDictionary.cpp, line 226]
Event: 0.567 Thread 0x000001709053c800 Exception <a 'java/lang/ClassNotFoundException'{0x0000000711d117e0}: ToggleButton> (0x0000000711d117e0) 
thrown [./open/src/hotspot/share/classfile/systemDictionary.cpp, line 226]
Event: 0.567 Thread 0x000001709053c800 Exception <a 'java/lang/ClassNotFoundException'{0x0000000711d11c20}: javax/swing/JToolBarSeparator> (0x0000000711d11c20) 
thrown [./open/src/hotspot/share/classfile/systemDictionary.cpp, line 226]
Event: 0.567 Thread 0x000001709053c800 Exception <a 'java/lang/ClassNotFoundException'{0x0000000711d11f28}: ToolBarSeparator> (0x0000000711d11f28) 
thrown [./open/src/hotspot/share/classfile/systemDictionary.cpp, line 226]
Event: 0.567 Thread 0x000001709053c800 Exception <a 'java/lang/ClassNotFoundException'{0x0000000711d12440}: ToolTip> (0x0000000711d12440) 
thrown [./open/src/hotspot/share/classfile/systemDictionary.cpp, line 226]
Event: 0.567 Thread 0x000001709053c800 Exception <a 'java/lang/ClassNotFoundException'{0x0000000711d12d90}: Tree> (0x0000000711d12d90) 
thrown [./open/src/hotspot/share/classfile/systemDictionary.cpp, line 226]
Event: 0.567 Thread 0x000001709053c800 Exception <a 'java/lang/ClassNotFoundException'{0x0000000711d13288}: Tree> (0x0000000711d13288) 
thrown [./open/src/hotspot/share/classfile/systemDictionary.cpp, line 226]
Event: 0.567 Thread 0x000001709053c800 Exception <a 'java/lang/ClassNotFoundException'{0x0000000711d135f8}: javax/swing/JTreeCell> (0x0000000711d135f8) 
thrown [./open/src/hotspot/share/classfile/systemDictionary.cpp, line 226]
Event: 0.567 Thread 0x000001709053c800 Exception <a 'java/lang/ClassNotFoundException'{0x0000000711d138f8}: TreeCell> (0x0000000711d138f8) 
thrown [./open/src/hotspot/share/classfile/systemDictionary.cpp, line 226]
Event: 0.568 Thread 0x000001709053c800 Exception <a 'java/lang/ClassNotFoundException'{0x0000000711d140b8}: RootPane> (0x0000000711d140b8) 
thrown [./open/src/hotspot/share/classfile/systemDictionary.cpp, line 226]
Event: 0.569 Thread 0x000001709053c800 Exception <a 'java/lang/ClassNotFoundException'{0x0000000711d16ee8}: com/sun/swing/internal/plaf/metal/resources/spi/metalProvider> (0x0000000711d16ee8) 
thrown [./open/src/hotspot/share/classfile/systemDictionary.cpp, line 226]
Event: 0.569 Thread 0x000001709053c800 Exception <a 'java/lang/ClassNotFoundException'{0x0000000711d1aca8}: com/sun/swing/internal/plaf/basic/resources/spi/basicProvider> (0x0000000711d1aca8) 
thrown [./open/src/hotspot/share/classfile/systemDictionary.cpp, line 226]
Event: 0.583 Thread 0x00000170b570b800 Exception <a 'java/lang/ClassNotFoundException'{0x0000000711c06ee8}: com/sun/swing/internal/plaf/synth/resources/spi/synthProvider> (0x0000000711c06ee8) 
thrown [./open/src/hotspot/share/classfile/systemDictionary.cpp, line 226]
Event: 0.632 Thread 0x00000170b570b800 Exception <a 'java/lang/NoSuchMethodError'{0x0000000711cbd418}: 'void java.lang.invoke.DirectMethodHandle$Holder.invokeStaticInit(java.lang.Object)'> (0x0000000711cbd418) 
thrown [./open/src/hotspot/share/interpreter/linkResolver.cpp, line 766]
Event: 0.636 Thread 0x00000170b570b800 Exception <a 'java/lang/NoSuchMethodError'{0x0000000711ce3f60}: 'java.lang.Object java.lang.invoke.Invokers$Holder.linkToTargetMethod(java.lang.Object, int, java.lang.Object)'> (0x0000000711ce3f60) 
thrown [./open/src/hotspot/share/interpreter/linkResolver.cpp, line 766]

Events (20 events):
Event: 6.493 loading class javax/swing/CellRendererPane done
Event: 6.493 loading class javax/swing/JLayer
Event: 6.494 loading class javax/swing/JLayer done
Event: 6.494 loading class javax/swing/text/AbstractDocument$UndoRedoDocumentEvent
Event: 6.494 loading class javax/swing/text/AbstractDocument$UndoRedoDocumentEvent done
Event: 6.494 loading class javax/swing/event/CaretListener
Event: 6.494 loading class javax/swing/event/CaretListener done
Event: 6.494 loading class javax/swing/text/DefaultCaret$1
Event: 6.494 loading class javax/swing/text/DefaultCaret$1 done
Event: 6.494 loading class javax/swing/event/UndoableEditEvent
Event: 6.494 loading class javax/swing/event/UndoableEditEvent done
Event: 6.494 loading class javax/swing/text/AbstractDocument$DefaultDocumentEventUndoableWrapper
Event: 6.494 loading class sun/swing/text/UndoableEditLockSupport
Event: 6.494 loading class sun/swing/text/UndoableEditLockSupport done
Event: 6.494 loading class javax/swing/text/AbstractDocument$DefaultDocumentEventUndoableWrapper done
Event: 6.494 loading class javax/swing/event/UndoableEditListener
Event: 6.494 loading class javax/swing/event/UndoableEditListener done
Event: 6.494 loading class javax/swing/RepaintManager$3
Event: 6.494 loading class javax/swing/RepaintManager$3 done
Event: 6.623 Loaded shared library C:\Program Files\Java\jdk-14.0.1\bin\java.dll


Dynamic libraries:
0x00007ff756f80000 - 0x00007ff756f8f000 	C:\Program Files\Java\jdk-14.0.1\bin\java.exe
0x00007ffb72fc0000 - 0x00007ffb731b0000 	C:\WINDOWS\SYSTEM32\ntdll.dll
0x00007ffb72ec0000 - 0x00007ffb72f72000 	C:\WINDOWS\System32\KERNEL32.DLL
0x00007ffb70640000 - 0x00007ffb708e4000 	C:\WINDOWS\System32\KERNELBASE.dll
0x00007ffb70490000 - 0x00007ffb7058a000 	C:\WINDOWS\System32\ucrtbase.dll
0x00007ffb65390000 - 0x00007ffb653a8000 	C:\Program Files\Java\jdk-14.0.1\bin\jli.dll
0x00007ffb65730000 - 0x00007ffb65745000 	C:\Program Files\Java\jdk-14.0.1\bin\VCRUNTIME140.dll
0x00007ffb72770000 - 0x00007ffb72813000 	C:\WINDOWS\System32\ADVAPI32.dll
0x00007ffb71990000 - 0x00007ffb71a2e000 	C:\WINDOWS\System32\msvcrt.dll
0x00007ffb72e20000 - 0x00007ffb72eb7000 	C:\WINDOWS\System32\sechost.dll
0x00007ffb72d00000 - 0x00007ffb72e20000 	C:\WINDOWS\System32\RPCRT4.dll
0x00007ffb723f0000 - 0x00007ffb72584000 	C:\WINDOWS\System32\USER32.dll
0x00007ffb70460000 - 0x00007ffb70481000 	C:\WINDOWS\System32\win32u.dll
0x00007ffb72680000 - 0x00007ffb726a6000 	C:\WINDOWS\System32\GDI32.dll
0x00007ffb54f80000 - 0x00007ffb55204000 	C:\WINDOWS\WinSxS\amd64_microsoft.windows.common-controls_6595b64144ccf1df_6.0.18362.900_none_e6beb9d913147d17\COMCTL32.dll
0x00007ffb70220000 - 0x00007ffb703b5000 	C:\WINDOWS\System32\gdi32full.dll
0x00007ffb71af0000 - 0x00007ffb71e25000 	C:\WINDOWS\System32\combase.dll
0x00007ffb703c0000 - 0x00007ffb7045e000 	C:\WINDOWS\System32\msvcp_win.dll
0x00007ffb6ffb0000 - 0x00007ffb70030000 	C:\WINDOWS\System32\bcryptPrimitives.dll
0x00007ffb69380000 - 0x00007ffb6938a000 	C:\WINDOWS\SYSTEM32\VERSION.dll
0x00007ffb71ac0000 - 0x00007ffb71aee000 	C:\WINDOWS\System32\IMM32.DLL
0x00007ffb1df00000 - 0x00007ffb1df9b000 	C:\Program Files\Java\jdk-14.0.1\bin\msvcp140.dll
0x00007ffb0c4b0000 - 0x00007ffb0cfce000 	C:\Program Files\Java\jdk-14.0.1\bin\server\jvm.dll
0x00007ffb71a30000 - 0x00007ffb71a38000 	C:\WINDOWS\System32\PSAPI.DLL
0x00007ffb5a2e0000 - 0x00007ffb5a2e9000 	C:\WINDOWS\SYSTEM32\WSOCK32.dll
0x00007ffb66280000 - 0x00007ffb662a4000 	C:\WINDOWS\SYSTEM32\WINMM.dll
0x00007ffb722d0000 - 0x00007ffb7233f000 	C:\WINDOWS\System32\WS2_32.dll
0x00007ffb66030000 - 0x00007ffb6605d000 	C:\WINDOWS\SYSTEM32\winmmbase.dll
0x00007ffb70180000 - 0x00007ffb701ca000 	C:\WINDOWS\System32\cfgmgr32.dll
0x00007ffb6fe90000 - 0x00007ffb6fea1000 	C:\WINDOWS\System32\kernel.appcore.dll
0x00007ffb69620000 - 0x00007ffb6962a000 	C:\Program Files\Java\jdk-14.0.1\bin\jimage.dll
0x00007ffb6e7c0000 - 0x00007ffb6e9b4000 	C:\WINDOWS\SYSTEM32\DBGHELP.DLL
0x00007ffb684b0000 - 0x00007ffb684da000 	C:\WINDOWS\SYSTEM32\dbgcore.DLL
0x00007ffb62f10000 - 0x00007ffb62f35000 	C:\Program Files\Java\jdk-14.0.1\bin\java.dll
0x00007ffb65490000 - 0x00007ffb654a6000 	C:\Program Files\Java\jdk-14.0.1\bin\zip.dll
0x00007ffb71140000 - 0x00007ffb71826000 	C:\WINDOWS\System32\SHELL32.dll
0x00007ffb72340000 - 0x00007ffb723e9000 	C:\WINDOWS\System32\shcore.dll
0x00007ffb708f0000 - 0x00007ffb71070000 	C:\WINDOWS\System32\windows.storage.dll
0x00007ffb6ff20000 - 0x00007ffb6ff43000 	C:\WINDOWS\System32\profapi.dll
0x00007ffb6feb0000 - 0x00007ffb6fefa000 	C:\WINDOWS\System32\powrprof.dll
0x00007ffb6fe80000 - 0x00007ffb6fe90000 	C:\WINDOWS\System32\UMPDC.dll
0x00007ffb72710000 - 0x00007ffb72762000 	C:\WINDOWS\System32\shlwapi.dll
0x00007ffb70200000 - 0x00007ffb70217000 	C:\WINDOWS\System32\cryptsp.dll
0x00007ffb62ef0000 - 0x00007ffb62f09000 	C:\Program Files\Java\jdk-14.0.1\bin\net.dll
0x00007ffb66980000 - 0x00007ffb66a70000 	C:\WINDOWS\SYSTEM32\WINHTTP.dll
0x00007ffb6f6f0000 - 0x00007ffb6f757000 	C:\WINDOWS\system32\mswsock.dll
0x00007ffb5be90000 - 0x00007ffb5bea2000 	C:\Program Files\Java\jdk-14.0.1\bin\nio.dll
0x00007ffb1ace0000 - 0x00007ffb1ae78000 	C:\Program Files\Java\jdk-14.0.1\bin\awt.dll
0x00007ffb71e30000 - 0x00007ffb71ef5000 	C:\WINDOWS\System32\OLEAUT32.dll
0x00007ffb6db30000 - 0x00007ffb6dbbf000 	C:\WINDOWS\SYSTEM32\apphelp.dll
0x00007ffb6df70000 - 0x00007ffb6e009000 	C:\WINDOWS\system32\uxtheme.dll
0x00007ffb72190000 - 0x00007ffb722c5000 	C:\WINDOWS\System32\MSCTF.dll
0x00007ffb311c0000 - 0x00007ffb3123f000 	C:\Program Files\ASUSTeKcomputer.Inc\Sonic Suite 3\Foundation\x64\SS3DevProps.dll
0x00007ffb71830000 - 0x00007ffb71987000 	C:\WINDOWS\System32\ole32.dll
0x00007ffb71070000 - 0x00007ffb71112000 	C:\WINDOWS\System32\clbcatq.dll
0x00007ffb6a230000 - 0x00007ffb6a2a2000 	C:\WINDOWS\System32\MMDevApi.dll
0x00007ffb6fc80000 - 0x00007ffb6fcaa000 	C:\WINDOWS\System32\DEVOBJ.dll
0x00007ffb6a370000 - 0x00007ffb6a4cd000 	C:\WINDOWS\SYSTEM32\AUDIOSES.DLL
0x00007ffb6b5a0000 - 0x00007ffb6b6f3000 	C:\WINDOWS\SYSTEM32\wintypes.dll
0x00007ffb6e310000 - 0x00007ffb6e400000 	C:\WINDOWS\SYSTEM32\PropSys.dll
0x00007ffb6e2e0000 - 0x00007ffb6e30d000 	C:\WINDOWS\system32\DWMAPI.DLL
0x00007ffb5bdc0000 - 0x00007ffb5be42000 	C:\Program Files\Java\jdk-14.0.1\bin\freetype.dll
0x00007ffb1cc40000 - 0x00007ffb1cce6000 	C:\Program Files\Java\jdk-14.0.1\bin\fontmanager.dll
0x00007ffb4b410000 - 0x00007ffb4b566000 	C:\WINDOWS\system32\opengl32.dll
0x00007ffb54a00000 - 0x00007ffb54a2c000 	C:\WINDOWS\SYSTEM32\GLU32.dll
0x00007ffb6eb60000 - 0x00007ffb6eb80000 	C:\WINDOWS\SYSTEM32\dxcore.dll
0x00007ffb5c510000 - 0x00007ffb5c6bf000 	C:\WINDOWS\SYSTEM32\WindowsCodecs.dll
0x00007ffb69120000 - 0x00007ffb6915a000 	C:\WINDOWS\system32\dataexchange.dll
0x00007ffb6d800000 - 0x00007ffb6d9dc000 	C:\WINDOWS\system32\dcomp.dll
0x00007ffb6d0f0000 - 0x00007ffb6d34b000 	C:\WINDOWS\system32\d3d11.dll
0x00007ffb6eb80000 - 0x00007ffb6ec6b000 	C:\WINDOWS\system32\dxgi.dll
0x00007ffb6dce0000 - 0x00007ffb6df41000 	C:\WINDOWS\system32\twinapi.appcore.dll
0x00007ffb6e1f0000 - 0x00007ffb6e219000 	C:\WINDOWS\system32\RMCLIENT.dll
0x00007ffb5d2d0000 - 0x00007ffb5d36e000 	C:\WINDOWS\System32\TextInputFramework.dll
0x00007ffb6d390000 - 0x00007ffb6d464000 	C:\WINDOWS\System32\CoreMessaging.dll
0x00007ffb5ce10000 - 0x00007ffb5d13a000 	C:\WINDOWS\System32\CoreUIComponents.dll
0x00007ffb6eee0000 - 0x00007ffb6ef11000 	C:\WINDOWS\SYSTEM32\ntmarta.dll
0x00007ffb62be0000 - 0x00007ffb62e86000 	C:\WINDOWS\System32\iertutil.dll

dbghelp: loaded successfully - version: 4.0.5 - missing functions: none
symbol engine: initialized successfully - sym options: 0x614 - pdb path: .;C:\Program Files\Java\jdk-14.0.1\bin;C:\WINDOWS\SYSTEM32;C:\WINDOWS\WinSxS\amd64_microsoft.windows.common-controls_6595b64144ccf1df_6.0.18362.900_none_e6beb9d913147d17;C:\Program Files\Java\jdk-14.0.1\bin\server;C:\Program Files\ASUSTeKcomputer.Inc\Sonic Suite 3\Foundation\x64

VM Arguments:
jvm_args: -Dfile.encoding=UTF-8 --module-path=C:\Users\Purvik\Documents\NetBeansProjects\Interactive_Quiz\build\classes 
java_command: RegisterForm
java_class_path (initial): C:\Users\Purvik\Downloads\mysql-connector-java-5.1.49\mysql-connector-java-5.1.49\mysql-connector-java-5.1.49.jar;C:\Users\Purvik\Documents\NetBeansProjects\Interactive_Quiz\build\classes
Launcher Type: SUN_STANDARD

[Global flags]
     intx CICompilerCount                          = 4                                         {product} {ergonomic}
     uint ConcGCThreads                            = 3                                         {product} {ergonomic}
     uint G1ConcRefinementThreads                  = 10                                        {product} {ergonomic}
   size_t G1HeapRegionSize                         = 1048576                                   {product} {ergonomic}
    uintx GCDrainStackTargetSize                   = 64                                        {product} {ergonomic}
   size_t InitialHeapSize                          = 266338304                                 {product} {ergonomic}
   size_t MarkStackSize                            = 4194304                                   {product} {ergonomic}
   size_t MaxHeapSize                              = 4257218560                                {product} {ergonomic}
   size_t MaxNewSize                               = 2554331136                                {product} {ergonomic}
   size_t MinHeapDeltaBytes                        = 1048576                                   {product} {ergonomic}
   size_t MinHeapSize                              = 8388608                                   {product} {ergonomic}
    uintx NonNMethodCodeHeapSize                   = 5839372                                {pd product} {ergonomic}
    uintx NonProfiledCodeHeapSize                  = 122909434                              {pd product} {ergonomic}
    uintx ProfiledCodeHeapSize                     = 122909434                              {pd product} {ergonomic}
    uintx ReservedCodeCacheSize                    = 251658240                              {pd product} {ergonomic}
     bool SegmentedCodeCache                       = true                                      {product} {ergonomic}
   size_t SoftMaxHeapSize                          = 4257218560                             {manageable} {ergonomic}
     bool UseCompressedClassPointers               = true                                 {lp64_product} {ergonomic}
     bool UseCompressedOops                        = true                                 {lp64_product} {ergonomic}
     bool UseG1GC                                  = true                                      {product} {ergonomic}
     bool UseLargePagesIndividualAllocation        = false                                  {pd product} {ergonomic}

Logging:
Log output configuration:
 #0: stdout all=warning uptime,level,tags
 #1: stderr all=off uptime,level,tags

Environment Variables:
PATH=C:\Program Files (x86)\Intel\Intel(R) Management Engine Components\iCLS\;C:\Program Files\Intel\Intel(R) Management Engine Components\iCLS\;C:\Windows\system32;C:\Windows;C:\Windows\System32\Wbem;C:\Windows\System32\WindowsPowerShell\v1.0\;C:\Program Files (x86)\Intel\Intel(R) Management Engine Components\DAL;C:\Program Files\Intel\Intel(R) Management Engine Components\DAL;C:\Program Files (x86)\Intel\Intel(R) Management Engine Components\IPT;C:\Program Files\Intel\Intel(R) Management Engine Components\IPT;C:\Program Files (x86)\NVIDIA Corporation\PhysX\Common;C:\WINDOWS\system32;C:\WINDOWS;C:\WINDOWS\System32\Wbem;C:\WINDOWS\System32\WindowsPowerShell\v1.0\;C:\WINDOWS\System32\OpenSSH\;C:\Program Files\Intel\WiFi\bin\;C:\Program Files\Common Files\Intel\WirelessCommon\;C:\Program Files\NVIDIA Corporation\NVIDIA NvDLISR;C:\Program Files (x86)\GtkSharp\2.12\bin;C:\Users\Purvik\AppData\Local\Microsoft\WindowsApps;;C:\Users\Purvik\AppData\Local\Programs\Microsoft VS Code\bin
USERNAME=Purvik
OS=Windows_NT
PROCESSOR_IDENTIFIER=Intel64 Family 6 Model 158 Stepping 10, GenuineIntel



---------------  S Y S T E M  ---------------

OS: Windows 10 , 64 bit Build 18362 (10.0.18362.900)
OS uptime: 5 days 22:29 hours

CPU:total 12 (initial active 12) (6 cores per cpu, 2 threads per core) family 6 model 158 stepping 10, cmov, cx8, fxsr, mmx, sse, sse2, sse3, ssse3, sse4.1, sse4.2, popcnt, avx, avx2, aes, clmul, erms, 3dnowpref, lzcnt, ht, tsc, tscinvbit, bmi1, bmi2, adx, fma

Memory: 4k page, system-wide physical 16232M (9267M free)
TotalPageFile size 65384M (AvailPageFile size 5M)
current process WorkingSet (physical memory assigned to process): 74M, peak: 74M
current process commit charge ("private bytes"): 368M, peak: 368M

vm_info: Java HotSpot(TM) 64-Bit Server VM (14.0.1+7) for windows-amd64 JRE (14.0.1+7), built on Mar  5 2020 10:30:14 by "mach5one" with MS VC++ 15.9 (VS2017)

END.
